<?xml version="1.0" encoding="UTF-8"?>
<!-- Generated by org.testng.reporters.JUnitReportReporter -->
<testsuite skipped="0" hostname="DESKTOP-HV1DCOO" name="runner.TestRunner" tests="2" failures="0" timestamp="2021-05-19T13:23:14 IST" time="7.594" errors="0">
  <testcase name="runScenario" time="5.271" classname="runner.TestRunner"/>
  <system-out/>
  <testcase name="runScenario" time="2.323" classname="runner.TestRunner"/>
  <system-out/>
</testsuite> <!-- runner.TestRunner -->
