<?xml version="1.0" encoding="UTF-8"?>
<!-- Generated by org.testng.reporters.JUnitReportReporter -->
<testsuite skipped="0" hostname="DESKTOP-HV1DCOO" name="runner.TestRunner" tests="2" failures="0" timestamp="2021-05-19T20:31:14 IST" time="19.623" errors="0">
  <testcase name="runScenario" time="16.100" classname="runner.TestRunner"/>
  <system-out/>
  <testcase name="runScenario" time="3.523" classname="runner.TestRunner"/>
  <system-out/>
</testsuite> <!-- runner.TestRunner -->
